# JRE version: Java(TM) SE Runtime Environment (8.0_73-b02) (build 1.8.0_73-b02)
# Java VM: Java HotSpot(TM) 64-Bit Server VM (25.73-b02 mixed mode windows-amd64 compressed oops)
Heap:
 PSYoungGen      total 93184K, used 33430K [0x00000000eab00000, 0x00000000f1180000, 0x0000000100000000)
  eden space 88576K, 34% used [0x00000000eab00000,0x00000000ec899878,0x00000000f0180000)
  from space 4608K, 67% used [0x00000000f0d00000,0x00000000f100c010,0x00000000f1180000)
  to   space 8192K, 0% used [0x00000000f0180000,0x00000000f0180000,0x00000000f0980000)
 ParOldGen       total 91136K, used 36824K [0x00000000c0000000, 0x00000000c5900000, 0x00000000eab00000)
  object space 91136K, 40% used [0x00000000c0000000,0x00000000c23f6320,0x00000000c5900000)
 Metaspace       used 65153K, capacity 70510K, committed 70656K, reserved 1112064K
  class space    used 8380K, capacity 8958K, committed 8960K, reserved 1048576K
GC Heap History (10 events):
Event: 11906.926 GC heap before
{Heap before GC invocations=107 (full 26):
 PSYoungGen      total 101376K, used 101119K [0x00000000eab00000, 0x00000000f1a80000, 0x0000000100000000)
  eden space 97792K, 100% used [0x00000000eab00000,0x00000000f0a80000,0x00000000f0a80000)
  from space 3584K, 92% used [0x00000000f1700000,0x00000000f1a3fde0,0x00000000f1a80000)
  to   space 8192K, 0% used [0x00000000f0a80000,0x00000000f0a80000,0x00000000f1280000)
 ParOldGen       total 91136K, used 37312K [0x00000000c0000000, 0x00000000c5900000, 0x00000000eab00000)
  object space 91136K, 40% used [0x00000000c0000000,0x00000000c2470380,0x00000000c5900000)
 Metaspace       used 64794K, capacity 69816K, committed 70144K, reserved 1110016K
  class space    used 8325K, capacity 8862K, committed 8960K, reserved 1048576K
Event: 11906.932 GC heap after
Heap after GC invocations=107 (full 26):
 PSYoungGen      total 99840K, used 4759K [0x00000000eab00000, 0x00000000f1780000, 0x0000000100000000)
  eden space 94720K, 0% used [0x00000000eab00000,0x00000000eab00000,0x00000000f0780000)
  from space 5120K, 92% used [0x00000000f0a80000,0x00000000f0f25fb0,0x00000000f0f80000)
  to   space 8192K, 0% used [0x00000000f0f80000,0x00000000f0f80000,0x00000000f1780000)
 ParOldGen       total 91136K, used 37312K [0x00000000c0000000, 0x00000000c5900000, 0x00000000eab00000)
  object space 91136K, 40% used [0x00000000c0000000,0x00000000c2470380,0x00000000c5900000)
 Metaspace       used 64794K, capacity 69816K, committed 70144K, reserved 1110016K
  class space    used 8325K, capacity 8862K, committed 8960K, reserved 1048576K
}
Event: 11913.007 GC heap before
{Heap before GC invocations=108 (full 26):
 PSYoungGen      total 99840K, used 99479K [0x00000000eab00000, 0x00000000f1780000, 0x0000000100000000)
  eden space 94720K, 100% used [0x00000000eab00000,0x00000000f0780000,0x00000000f0780000)
  from space 5120K, 92% used [0x00000000f0a80000,0x00000000f0f25fb0,0x00000000f0f80000)
  to   space 8192K, 0% used [0x00000000f0f80000,0x00000000f0f80000,0x00000000f1780000)
 ParOldGen       total 91136K, used 37312K [0x00000000c0000000, 0x00000000c5900000, 0x00000000eab00000)
  object space 91136K, 40% used [0x00000000c0000000,0x00000000c2470380,0x00000000c5900000)
 Metaspace       used 64963K, capacity 70130K, committed 70400K, reserved 1110016K
  class space    used 8347K, capacity 8903K, committed 8960K, reserved 1048576K
Event: 11913.017 GC heap after
Heap after GC invocations=108 (full 26):
 PSYoungGen      total 97792K, used 6127K [0x00000000eab00000, 0x00000000f1580000, 0x0000000100000000)
  eden space 91648K, 0% used [0x00000000eab00000,0x00000000eab00000,0x00000000f0480000)
  from space 6144K, 99% used [0x00000000f0f80000,0x00000000f157bde0,0x00000000f1580000)
  to   space 8192K, 0% used [0x00000000f0580000,0x00000000f0580000,0x00000000f0d80000)
 ParOldGen       total 91136K, used 37320K [0x00000000c0000000, 0x00000000c5900000, 0x00000000eab00000)
  object space 91136K, 40% used [0x00000000c0000000,0x00000000c2472380,0x00000000c5900000)
 Metaspace       used 64963K, capacity 70130K, committed 70400K, reserved 1110016K
  class space    used 8347K, capacity 8903K, committed 8960K, reserved 1048576K
}
Event: 11913.128 GC heap before
{Heap before GC invocations=109 (full 26):
 PSYoungGen      total 97792K, used 12628K [0x00000000eab00000, 0x00000000f1580000, 0x0000000100000000)
  eden space 91648K, 7% used [0x00000000eab00000,0x00000000eb159430,0x00000000f0480000)
  from space 6144K, 99% used [0x00000000f0f80000,0x00000000f157bde0,0x00000000f1580000)
  to   space 8192K, 0% used [0x00000000f0580000,0x00000000f0580000,0x00000000f0d80000)
 ParOldGen       total 91136K, used 37320K [0x00000000c0000000, 0x00000000c5900000, 0x00000000eab00000)
  object space 91136K, 40% used [0x00000000c0000000,0x00000000c2472380,0x00000000c5900000)
 Metaspace       used 64963K, capacity 70130K, committed 70400K, reserved 1110016K
  class space    used 8347K, capacity 8903K, committed 8960K, reserved 1048576K
Event: 11913.130 GC heap after
Heap after GC invocations=109 (full 26):
 PSYoungGen      total 93696K, used 1607K [0x00000000eab00000, 0x00000000f1580000, 0x0000000100000000)
  eden space 91648K, 0% used [0x00000000eab00000,0x00000000eab00000,0x00000000f0480000)
  from space 2048K, 78% used [0x00000000f0580000,0x00000000f0711fc0,0x00000000f0780000)
  to   space 8704K, 0% used [0x00000000f0d00000,0x00000000f0d00000,0x00000000f1580000)
 ParOldGen       total 91136K, used 37320K [0x00000000c0000000, 0x00000000c5900000, 0x00000000eab00000)
  object space 91136K, 40% used [0x00000000c0000000,0x00000000c2472380,0x00000000c5900000)
 Metaspace       used 64963K, capacity 70130K, committed 70400K, reserved 1110016K
  class space    used 8347K, capacity 8903K, committed 8960K, reserved 1048576K
}
Event: 11913.130 GC heap before
{Heap before GC invocations=110 (full 27):
 PSYoungGen      total 93696K, used 1607K [0x00000000eab00000, 0x00000000f1580000, 0x0000000100000000)
  eden space 91648K, 0% used [0x00000000eab00000,0x00000000eab00000,0x00000000f0480000)
  from space 2048K, 78% used [0x00000000f0580000,0x00000000f0711fc0,0x00000000f0780000)
  to   space 8704K, 0% used [0x00000000f0d00000,0x00000000f0d00000,0x00000000f1580000)
 ParOldGen       total 91136K, used 37320K [0x00000000c0000000, 0x00000000c5900000, 0x00000000eab00000)
  object space 91136K, 40% used [0x00000000c0000000,0x00000000c2472380,0x00000000c5900000)
 Metaspace       used 64963K, capacity 70130K, committed 70400K, reserved 1110016K
  class space    used 8347K, capacity 8903K, committed 8960K, reserved 1048576K
Event: 11913.318 GC heap after
Heap after GC invocations=110 (full 27):
 PSYoungGen      total 93696K, used 0K [0x00000000eab00000, 0x00000000f1580000, 0x0000000100000000)
  eden space 91648K, 0% used [0x00000000eab00000,0x00000000eab00000,0x00000000f0480000)
  from space 2048K, 0% used [0x00000000f0580000,0x00000000f0580000,0x00000000f0780000)
  to   space 8704K, 0% used [0x00000000f0d00000,0x00000000f0d00000,0x00000000f1580000)
 ParOldGen       total 91136K, used 36816K [0x00000000c0000000, 0x00000000c5900000, 0x00000000eab00000)
  object space 91136K, 40% used [0x00000000c0000000,0x00000000c23f4320,0x00000000c5900000)
 Metaspace       used 64963K, capacity 70130K, committed 70400K, reserved 1110016K
  class space    used 8347K, capacity 8903K, committed 8960K, reserved 1048576K
}
Event: 12107.043 GC heap before
{Heap before GC invocations=111 (full 27):
 PSYoungGen      total 93696K, used 91648K [0x00000000eab00000, 0x00000000f1580000, 0x0000000100000000)
  eden space 91648K, 100% used [0x00000000eab00000,0x00000000f0480000,0x00000000f0480000)
  from space 2048K, 0% used [0x00000000f0580000,0x00000000f0580000,0x00000000f0780000)
  to   space 8704K, 0% used [0x00000000f0d00000,0x00000000f0d00000,0x00000000f1580000)
 ParOldGen       total 91136K, used 36816K [0x00000000c0000000, 0x00000000c5900000, 0x00000000eab00000)
  object space 91136K, 40% used [0x00000000c0000000,0x00000000c23f4320,0x00000000c5900000)
 Metaspace       used 65153K, capacity 70510K, committed 70656K, reserved 1112064K
  class space    used 8380K, capacity 8958K, committed 8960K, reserved 1048576K
Event: 12107.368 GC heap after
Heap after GC invocations=111 (full 27):
 PSYoungGen      total 93184K, used 3120K [0x00000000eab00000, 0x00000000f1180000, 0x0000000100000000)
  eden space 88576K, 0% used [0x00000000eab00000,0x00000000eab00000,0x00000000f0180000)
  from space 4608K, 67% used [0x00000000f0d00000,0x00000000f100c010,0x00000000f1180000)
  to   space 8192K, 0% used [0x00000000f0180000,0x00000000f0180000,0x00000000f0980000)
 ParOldGen       total 91136K, used 36824K [0x00000000c0000000, 0x00000000c5900000, 0x00000000eab00000)
  object space 91136K, 40% used [0x00000000c0000000,0x00000000c23f6320,0x00000000c5900000)
 Metaspace       used 65153K, capacity 70510K, committed 70656K, reserved 1112064K
  class space    used 8380K, capacity 8958K, committed 8960K, reserved 1048576K
}

